Using pre-set license
Built from '2020.3/staging' branch; Version is '2020.3.37f1 (8c66806a0c04) revision 9201280'; Using compiler version '192528614'; Build Type 'Release'
OS: 'Windows 10  (10.0.19043) 64bit CoreSingleLanguage' Language: 'en' Physical Memory: 16168 MB
BatchMode: 1, IsHumanControllingUs: 0, StartBugReporterOnCrash: 0, Is64bit: 1, IsPro: 0

COMMAND LINE ARGUMENTS:
D:\Program Files 2\UnityEditor\2020.3.37f1\Editor\Unity.exe
-adb2
-batchMode
-noUpm
-name
AssetImportWorker0
-projectPath
D:/Arif Glory/Unity Project/Squid Game RLGL
-logFile
Logs/AssetImportWorker0.log
-srvPort
2225
Successfully changed project path to: D:/Arif Glory/Unity Project/Squid Game RLGL
D:/Arif Glory/Unity Project/Squid Game RLGL
Using Asset Import Pipeline V2.
Refreshing native plugins compatible for Editor in 44.16 ms, found 2 plugins.
Preloading 0 native plugins for Editor in 0.00 ms.
Initialize engine version: 2020.3.37f1 (8c66806a0c04)
[Subsystems] Discovering subsystems at path D:/Program Files 2/UnityEditor/2020.3.37f1/Editor/Data/Resources/UnitySubsystems
[Subsystems] Discovering subsystems at path D:/Arif Glory/Unity Project/Squid Game RLGL/Assets
GfxDevice: creating device client; threaded=0
Direct3D:
    Version:  Direct3D 11.0 [level 11.1]
    Renderer: NVIDIA GeForce RTX 2060 (ID=0x1f15)
    Vendor:   
    VRAM:     5980 MB
    Driver:   30.0.15.1278
Shader 'BOXOPHOBIC/Polyverse Skies/Simple': fallback shader 'False' not found
Shader 'BOXOPHOBIC/Polyverse Skies/Standard': fallback shader 'False' not found
Initialize mono
Mono path[0] = 'D:/Program Files 2/UnityEditor/2020.3.37f1/Editor/Data/Managed'
Mono path[1] = 'D:/Program Files 2/UnityEditor/2020.3.37f1/Editor/Data/MonoBleedingEdge/lib/mono/unityjit'
Mono config path = 'D:/Program Files 2/UnityEditor/2020.3.37f1/Editor/Data/MonoBleedingEdge/etc'
Using monoOptions --debugger-agent=transport=dt_socket,embedding=1,server=y,suspend=n,address=127.0.0.1:56780
Begin MonoManager ReloadAssembly
Registering precompiled unity dll's ...
Register platform support module: D:/Program Files 2/UnityEditor/2020.3.37f1/Editor/Data/PlaybackEngines/WindowsStandaloneSupport/UnityEditor.WindowsStandalone.Extensions.dll
Registered in 0.001041 seconds.
Native extension for WindowsStandalone target not found
Refreshing native plugins compatible for Editor in 37.76 ms, found 2 plugins.
Preloading 0 native plugins for Editor in 0.00 ms.
Mono: successfully reloaded assembly
- Completed reload, in  0.606 seconds
Domain Reload Profiling:
	ReloadAssembly (606ms)
		BeginReloadAssembly (69ms)
			ExecutionOrderSort (0ms)
			DisableScriptedObjects (0ms)
			BackupInstance (0ms)
			ReleaseScriptingObjects (0ms)
			CreateAndSetChildDomain (1ms)
		EndReloadAssembly (469ms)
			LoadAssemblies (67ms)
			RebuildTransferFunctionScriptingTraits (0ms)
			SetupTypeCache (157ms)
			ReleaseScriptCaches (0ms)
			RebuildScriptCaches (34ms)
			SetupLoadedEditorAssemblies (177ms)
				LogAssemblyErrors (0ms)
				InitializePlatformSupportModulesInManaged (5ms)
				SetLoadedEditorAssemblies (0ms)
				RefreshPlugins (38ms)
				BeforeProcessingInitializeOnLoad (17ms)
				ProcessInitializeOnLoadAttributes (87ms)
				ProcessInitializeOnLoadMethodAttributes (31ms)
				AfterProcessingInitializeOnLoad (0ms)
				EditorAssembliesLoaded (0ms)
			ExecutionOrderSort2 (0ms)
			AwakeInstancesAfterBackupRestoration (0ms)
Platform modules already initialized, skipping
Registering precompiled user dll's ...
Registered in 0.002026 seconds.
Begin MonoManager ReloadAssembly
Native extension for WindowsStandalone target not found
Refreshing native plugins compatible for Editor in 0.34 ms, found 2 plugins.
Preloading 0 native plugins for Editor in 0.00 ms.
Mono: successfully reloaded assembly
- Completed reload, in  1.042 seconds
Domain Reload Profiling:
	ReloadAssembly (1043ms)
		BeginReloadAssembly (159ms)
			ExecutionOrderSort (0ms)
			DisableScriptedObjects (5ms)
			BackupInstance (0ms)
			ReleaseScriptingObjects (0ms)
			CreateAndSetChildDomain (19ms)
		EndReloadAssembly (827ms)
			LoadAssemblies (98ms)
			RebuildTransferFunctionScriptingTraits (0ms)
			SetupTypeCache (318ms)
			ReleaseScriptCaches (0ms)
			RebuildScriptCaches (46ms)
			SetupLoadedEditorAssemblies (286ms)
				LogAssemblyErrors (0ms)
				InitializePlatformSupportModulesInManaged (4ms)
				SetLoadedEditorAssemblies (0ms)
				RefreshPlugins (0ms)
				BeforeProcessingInitializeOnLoad (77ms)
				ProcessInitializeOnLoadAttributes (188ms)
				ProcessInitializeOnLoadMethodAttributes (14ms)
				AfterProcessingInitializeOnLoad (2ms)
				EditorAssembliesLoaded (0ms)
			ExecutionOrderSort2 (0ms)
			AwakeInstancesAfterBackupRestoration (2ms)
Platform modules already initialized, skipping
========================================================================
Worker process is ready to serve import requests
Shader 'BOXOPHOBIC/Polyverse Skies/Standard': fallback shader 'False' not found
Shader 'BOXOPHOBIC/Polyverse Skies/Simple': fallback shader 'False' not found
Launched and connected shader compiler UnityShaderCompiler.exe after 0.10 seconds
Refreshing native plugins compatible for Editor in 1.60 ms, found 2 plugins.
Preloading 0 native plugins for Editor in 0.00 ms.
Unloading 1585 Unused Serialized files (Serialized files now loaded: 0)
System memory in use before: 72.1 MB.
System memory in use after: 72.2 MB.

Unloading 17 unused Assets to reduce memory usage. Loaded Objects now: 2021.
Total: 5.601600 ms (FindLiveObjects: 0.242400 ms CreateObjectMapping: 0.099600 ms MarkObjects: 5.100700 ms  DeleteObjects: 0.157400 ms)

AssetImportParameters requested are different than current active one (requested -> active):
  custom:framework-win-MediaFoundation: 216162199b28c13a410421893ffa2e32 -> 
  custom:video-decoder-ogg-theora: a1e56fd34408186e4bbccfd4996cb3dc -> 
  custom:container-muxer-webm: aa71ff27fc2769a1b78a27578f13a17b -> 
  custom:container-demuxer-webm: 4f35f7cbe854078d1ac9338744f61a02 -> 
  custom:container-demuxer-ogg: 62fdf1f143b41e24485cea50d1cbac27 -> 
  custom:video-encoder-webm-vp8: eb34c28f22e8b96e1ab97ce403110664 -> 
  custom:video-codec-MediaFoundation-h265: 746d11721c4dcdbdad8f713fa42b33f4 -> 
  custom:video-decoder-webm-vp8: 9c59270c3fd7afecdb556c50c9e8de78 -> 
  custom:audio-decoder-ogg-vorbis: bf7c407c2cedff20999df2af8eb42d56 -> 
  custom:audio-encoder-webm-vorbis: bf7c407c2cedff20999df2af8eb42d56 -> 
========================================================================
Received Import Request.
  path: Assets/Gun Shot.mp3
  artifactKey: Guid(5b5e48e43fc9e0b44bee10de48443e56) Importer(815301076,1909f56bfc062723c751e8b465ee728b)
Start importing Assets/Gun Shot.mp3 using Guid(5b5e48e43fc9e0b44bee10de48443e56) Importer(815301076,1909f56bfc062723c751e8b465ee728b)  -> (artifact id: '19d4475e4bade754720e1012ee8cb7f4') in 0.191866 seconds 
========================================================================
Received Import Request.
  Time since last request: 0.000259 seconds.
  path: Assets/Red Light Sfx.mp3
  artifactKey: Guid(ba6c7dc9e0edac540a40df05972fb0ff) Importer(815301076,1909f56bfc062723c751e8b465ee728b)
Start importing Assets/Red Light Sfx.mp3 using Guid(ba6c7dc9e0edac540a40df05972fb0ff) Importer(815301076,1909f56bfc062723c751e8b465ee728b)  -> (artifact id: 'b68109e4b2616ad92c20c6007fcb0c42') in 0.016563 seconds 
========================================================================
Received Import Request.
  Time since last request: 0.000237 seconds.
  path: Assets/Thick Explosion 8.wav
  artifactKey: Guid(dcd9d5c7e6ed3c74a98c30401befe84c) Importer(815301076,1909f56bfc062723c751e8b465ee728b)
Start importing Assets/Thick Explosion 8.wav using Guid(dcd9d5c7e6ed3c74a98c30401befe84c) Importer(815301076,1909f56bfc062723c751e8b465ee728b)  -> (artifact id: 'b4752e6b29328d57da3d1b345402ee47') in 0.017604 seconds 
========================================================================
Received Import Request.
  Time since last request: 0.000634 seconds.
  path: Assets/Green Light Sfx.mp3
  artifactKey: Guid(d0000b9d4b4a5ce4f8130c164c4f45a2) Importer(815301076,1909f56bfc062723c751e8b465ee728b)
Start importing Assets/Green Light Sfx.mp3 using Guid(d0000b9d4b4a5ce4f8130c164c4f45a2) Importer(815301076,1909f56bfc062723c751e8b465ee728b)  -> (artifact id: 'aa03d6f110a419dfc1394a5887f573ef') in 0.018478 seconds 
========================================================================
Received Import Request.
  Time since last request: 2.651680 seconds.
  path: Assets/Assets
  artifactKey: Guid(8184f1a646aa38e48831b3f6c302e089) Importer(815301076,1909f56bfc062723c751e8b465ee728b)
Start importing Assets/Assets using Guid(8184f1a646aa38e48831b3f6c302e089) Importer(815301076,1909f56bfc062723c751e8b465ee728b)  -> (artifact id: 'c8470cb3fb2fc3f40cf5488d91ea507c') in 0.016071 seconds 
========================================================================
Received Import Request.
  Time since last request: 4.288865 seconds.
  path: Assets/RLGL Asset
  artifactKey: Guid(8184f1a646aa38e48831b3f6c302e089) Importer(815301076,1909f56bfc062723c751e8b465ee728b)
Start importing Assets/RLGL Asset using Guid(8184f1a646aa38e48831b3f6c302e089) Importer(815301076,1909f56bfc062723c751e8b465ee728b)  -> (artifact id: '7969b2bc90b5e8715a50306506b678f6') in 0.017341 seconds 
========================================================================
Received Prepare
Registering precompiled user dll's ...
Registered in 0.001783 seconds.
Begin MonoManager ReloadAssembly
Native extension for WindowsStandalone target not found
Refreshing native plugins compatible for Editor in 0.34 ms, found 2 plugins.
Preloading 0 native plugins for Editor in 0.00 ms.
Mono: successfully reloaded assembly
- Completed reload, in  0.916 seconds
Domain Reload Profiling:
	ReloadAssembly (917ms)
		BeginReloadAssembly (114ms)
			ExecutionOrderSort (0ms)
			DisableScriptedObjects (4ms)
			BackupInstance (0ms)
			ReleaseScriptingObjects (0ms)
			CreateAndSetChildDomain (30ms)
		EndReloadAssembly (744ms)
			LoadAssemblies (94ms)
			RebuildTransferFunctionScriptingTraits (0ms)
			SetupTypeCache (280ms)
			ReleaseScriptCaches (1ms)
			RebuildScriptCaches (37ms)
			SetupLoadedEditorAssemblies (262ms)
				LogAssemblyErrors (0ms)
				InitializePlatformSupportModulesInManaged (4ms)
				SetLoadedEditorAssemblies (0ms)
				RefreshPlugins (0ms)
				BeforeProcessingInitializeOnLoad (68ms)
				ProcessInitializeOnLoadAttributes (174ms)
				ProcessInitializeOnLoadMethodAttributes (13ms)
				AfterProcessingInitializeOnLoad (2ms)
				EditorAssembliesLoaded (0ms)
			ExecutionOrderSort2 (0ms)
			AwakeInstancesAfterBackupRestoration (2ms)
Platform modules already initialized, skipping
Shader 'BOXOPHOBIC/Polyverse Skies/Standard': fallback shader 'False' not found
Shader 'BOXOPHOBIC/Polyverse Skies/Simple': fallback shader 'False' not found
Refreshing native plugins compatible for Editor in 0.39 ms, found 2 plugins.
Preloading 0 native plugins for Editor in 0.00 ms.
Unloading 1577 Unused Serialized files (Serialized files now loaded: 0)
System memory in use before: 74.9 MB.
System memory in use after: 74.9 MB.

Unloading 12 unused Assets to reduce memory usage. Loaded Objects now: 2033.
Total: 2.802800 ms (FindLiveObjects: 0.130200 ms CreateObjectMapping: 0.050900 ms MarkObjects: 2.575200 ms  DeleteObjects: 0.045600 ms)

AssetImportParameters requested are different than current active one (requested -> active):
  custom:framework-win-MediaFoundation: 216162199b28c13a410421893ffa2e32 -> 
  custom:video-decoder-ogg-theora: a1e56fd34408186e4bbccfd4996cb3dc -> 
  custom:container-muxer-webm: aa71ff27fc2769a1b78a27578f13a17b -> 
  custom:container-demuxer-webm: 4f35f7cbe854078d1ac9338744f61a02 -> 
  custom:container-demuxer-ogg: 62fdf1f143b41e24485cea50d1cbac27 -> 
  custom:video-encoder-webm-vp8: eb34c28f22e8b96e1ab97ce403110664 -> 
  custom:video-codec-MediaFoundation-h265: 746d11721c4dcdbdad8f713fa42b33f4 -> 
  custom:video-decoder-webm-vp8: 9c59270c3fd7afecdb556c50c9e8de78 -> 
  custom:audio-decoder-ogg-vorbis: bf7c407c2cedff20999df2af8eb42d56 -> 
  custom:audio-encoder-webm-vorbis: bf7c407c2cedff20999df2af8eb42d56 -> 
========================================================================
Received Import Request.
  Time since last request: 4363.404999 seconds.
  path: Assets/Scenes
  artifactKey: Guid(6ea315d0fd7389c41b19996891e99ae3) Importer(815301076,1909f56bfc062723c751e8b465ee728b)
Start importing Assets/Scenes using Guid(6ea315d0fd7389c41b19996891e99ae3) Importer(815301076,1909f56bfc062723c751e8b465ee728b)  -> (artifact id: '9168112a17b07f3ee034ca0d2dc1544d') in 0.012500 seconds 
========================================================================
Received Import Request.
  Time since last request: 2.711234 seconds.
  path: Assets/RLGL Asset/BOXOPHOBIC
  artifactKey: Guid(ea1091cfadf1a0945a091ecc1c221b68) Importer(815301076,1909f56bfc062723c751e8b465ee728b)
Start importing Assets/RLGL Asset/BOXOPHOBIC using Guid(ea1091cfadf1a0945a091ecc1c221b68) Importer(815301076,1909f56bfc062723c751e8b465ee728b)  -> (artifact id: 'c3429f2356d55f8451d51f200e7107c6') in 0.018158 seconds 
========================================================================
Received Import Request.
  Time since last request: 0.838574 seconds.
  path: Assets/RLGL Asset/BOXOPHOBIC/Polyverse Skies
  artifactKey: Guid(aa8f1060aafdbdc4cbce54c3f6347c1d) Importer(815301076,1909f56bfc062723c751e8b465ee728b)
Start importing Assets/RLGL Asset/BOXOPHOBIC/Polyverse Skies using Guid(aa8f1060aafdbdc4cbce54c3f6347c1d) Importer(815301076,1909f56bfc062723c751e8b465ee728b)  -> (artifact id: '252f529c7b2a545f4a00e813d3804903') in 0.018183 seconds 
========================================================================
Received Import Request.
  Time since last request: 2.198228 seconds.
  path: Assets/RLGL Asset/BOXOPHOBIC/Polyverse Skies/Demo
  artifactKey: Guid(944ba4339d95a5f469b3af7eb10a8985) Importer(815301076,1909f56bfc062723c751e8b465ee728b)
Start importing Assets/RLGL Asset/BOXOPHOBIC/Polyverse Skies/Demo using Guid(944ba4339d95a5f469b3af7eb10a8985) Importer(815301076,1909f56bfc062723c751e8b465ee728b)  -> (artifact id: '51f8599e8d7607e33a4b51e3ac2b1724') in 0.010820 seconds 
========================================================================
Received Import Request.
  Time since last request: 0.319162 seconds.
  path: Assets/RLGL Asset/BOXOPHOBIC/Polyverse Skies/Generator
  artifactKey: Guid(31102a75389d7be4e8f82522356fcca4) Importer(815301076,1909f56bfc062723c751e8b465ee728b)
Start importing Assets/RLGL Asset/BOXOPHOBIC/Polyverse Skies/Generator using Guid(31102a75389d7be4e8f82522356fcca4) Importer(815301076,1909f56bfc062723c751e8b465ee728b)  -> (artifact id: '7a032cffc8616c5f37cac8bf726efd5f') in 0.014046 seconds 
========================================================================
Received Import Request.
  Time since last request: 0.365733 seconds.
  path: Assets/RLGL Asset/BOXOPHOBIC/Polyverse Skies/Polyverse Skies.pdf
  artifactKey: Guid(d5d1b8ce81e19a147a9145a52f04681f) Importer(815301076,1909f56bfc062723c751e8b465ee728b)
Start importing Assets/RLGL Asset/BOXOPHOBIC/Polyverse Skies/Polyverse Skies.pdf using Guid(d5d1b8ce81e19a147a9145a52f04681f) Importer(815301076,1909f56bfc062723c751e8b465ee728b)  -> (artifact id: '6b5a81b1cb79ef79f7e757b36fdcb4d9') in 0.032022 seconds 
========================================================================
Received Import Request.
  Time since last request: 2.093196 seconds.
  path: Assets/RLGL Asset/BOXOPHOBIC/User
  artifactKey: Guid(f0aa5379d96b0e14795df45a380643fb) Importer(815301076,1909f56bfc062723c751e8b465ee728b)
Start importing Assets/RLGL Asset/BOXOPHOBIC/User using Guid(f0aa5379d96b0e14795df45a380643fb) Importer(815301076,1909f56bfc062723c751e8b465ee728b)  -> (artifact id: 'cf7ef8d957450ffe5554deb1f501899d') in 0.022013 seconds 
========================================================================
Received Import Request.
  Time since last request: 11.002268 seconds.
  path: Assets/RLGL Asset/Doll
  artifactKey: Guid(b9d8ab245feef4d448a79f13e20dbce8) Importer(815301076,1909f56bfc062723c751e8b465ee728b)
Start importing Assets/RLGL Asset/Doll using Guid(b9d8ab245feef4d448a79f13e20dbce8) Importer(815301076,1909f56bfc062723c751e8b465ee728b)  -> (artifact id: '32d2a065712ce0a9c3ccb97977f11f4d') in 0.018110 seconds 
========================================================================
Received Import Request.
  Time since last request: 0.016351 seconds.
  path: Assets/RLGL Asset/Doll/T poseSquid Game Doll Low Poly.fbx
  artifactKey: Guid(ca0eaeeb0078b0b41819b43fad1dd2f9) Importer(815301076,1909f56bfc062723c751e8b465ee728b)
Start importing Assets/RLGL Asset/Doll/T poseSquid Game Doll Low Poly.fbx using Guid(ca0eaeeb0078b0b41819b43fad1dd2f9) Importer(815301076,1909f56bfc062723c751e8b465ee728b)  -> (artifact id: '1428e68653a234f102e1c089ba37e0d1') in 0.436015 seconds 
========================================================================
Received Import Request.
  Time since last request: 30.701915 seconds.
  path: Assets/RLGL Asset/Doll/textures
  artifactKey: Guid(a6341218202b9de4e930d515a5190f70) Importer(815301076,1909f56bfc062723c751e8b465ee728b)
Start importing Assets/RLGL Asset/Doll/textures using Guid(a6341218202b9de4e930d515a5190f70) Importer(815301076,1909f56bfc062723c751e8b465ee728b)  -> (artifact id: 'c6759e2a6861619aa61b62ce3efe8eba') in 0.018846 seconds 
========================================================================
Received Import Request.
  Time since last request: 0.000388 seconds.
  path: Assets/RLGL Asset/Doll/textures/Material 1.mat
  artifactKey: Guid(cd4590939d9fcd5498f638ff6cad641a) Importer(815301076,1909f56bfc062723c751e8b465ee728b)
Start importing Assets/RLGL Asset/Doll/textures/Material 1.mat using Guid(cd4590939d9fcd5498f638ff6cad641a) Importer(815301076,1909f56bfc062723c751e8b465ee728b)  -> (artifact id: 'c0fe3f111838bcbcd1476bd35869eb71') in 0.372788 seconds 
========================================================================
Received Import Request.
  Time since last request: 0.000264 seconds.
  path: Assets/RLGL Asset/Doll/textures/squidGameDoll_02_MAT_baseColor.jpg
  artifactKey: Guid(a124fa00deb02b546b6ddd3b8eef4be3) Importer(815301076,1909f56bfc062723c751e8b465ee728b)
Start importing Assets/RLGL Asset/Doll/textures/squidGameDoll_02_MAT_baseColor.jpg using Guid(a124fa00deb02b546b6ddd3b8eef4be3) Importer(815301076,1909f56bfc062723c751e8b465ee728b)  -> (artifact id: '4dc7efdcce7cb3642860127e76c20cc0') in 0.024985 seconds 
========================================================================
Received Import Request.
  Time since last request: 0.000270 seconds.
  path: Assets/RLGL Asset/Doll/textures/squidGameDoll_02_MAT_normal.png
  artifactKey: Guid(db7716dd2867698418ed36178e4e637f) Importer(815301076,1909f56bfc062723c751e8b465ee728b)
Start importing Assets/RLGL Asset/Doll/textures/squidGameDoll_02_MAT_normal.png using Guid(db7716dd2867698418ed36178e4e637f) Importer(815301076,1909f56bfc062723c751e8b465ee728b)  -> (artifact id: 'b5191016f8b1148e37cbebfcc8692db2') in 0.019684 seconds 
========================================================================
Received Import Request.
  Time since last request: 0.000386 seconds.
  path: Assets/RLGL Asset/Doll/textures/squidGameDoll_01_MAT_baseColor.jpg
  artifactKey: Guid(df3b2aca1c4f90a43b76e949fa1b56f0) Importer(815301076,1909f56bfc062723c751e8b465ee728b)
Start importing Assets/RLGL Asset/Doll/textures/squidGameDoll_01_MAT_baseColor.jpg using Guid(df3b2aca1c4f90a43b76e949fa1b56f0) Importer(815301076,1909f56bfc062723c751e8b465ee728b)  -> (artifact id: '6989492bc00130f3669e27902bdfe732') in 0.012148 seconds 
========================================================================
Received Import Request.
  Time since last request: 0.000266 seconds.
  path: Assets/RLGL Asset/Doll/textures/squidGameDoll_02_MAT_occlusion.jpg
  artifactKey: Guid(f52295171f5d9424ca2bda2af8899300) Importer(815301076,1909f56bfc062723c751e8b465ee728b)
Start importing Assets/RLGL Asset/Doll/textures/squidGameDoll_02_MAT_occlusion.jpg using Guid(f52295171f5d9424ca2bda2af8899300) Importer(815301076,1909f56bfc062723c751e8b465ee728b)  -> (artifact id: '61196fe24d72f5c5b167328088bbec4d') in 0.015567 seconds 
========================================================================
Received Import Request.
  Time since last request: 0.000302 seconds.
  path: Assets/RLGL Asset/Doll/textures/squidGameDoll_01_MAT_occlusion.jpg
  artifactKey: Guid(fa0f3eb1f3a164d41bc0ef35d7bb6a1e) Importer(815301076,1909f56bfc062723c751e8b465ee728b)
Start importing Assets/RLGL Asset/Doll/textures/squidGameDoll_01_MAT_occlusion.jpg using Guid(fa0f3eb1f3a164d41bc0ef35d7bb6a1e) Importer(815301076,1909f56bfc062723c751e8b465ee728b)  -> (artifact id: 'ae04c307e8910438f2b8e474b955d00c') in 0.014656 seconds 
========================================================================
Received Import Request.
  Time since last request: 0.000320 seconds.
  path: Assets/RLGL Asset/Doll/textures/squidGameDoll_02_MAT_roughness.jpg
  artifactKey: Guid(55cef40063b846547a42b8225d2d69a2) Importer(815301076,1909f56bfc062723c751e8b465ee728b)
Start importing Assets/RLGL Asset/Doll/textures/squidGameDoll_02_MAT_roughness.jpg using Guid(55cef40063b846547a42b8225d2d69a2) Importer(815301076,1909f56bfc062723c751e8b465ee728b)  -> (artifact id: '8fbac589e23c204d635bac243f5616b9') in 0.013541 seconds 
========================================================================
Received Import Request.
  Time since last request: 0.000498 seconds.
  path: Assets/RLGL Asset/Doll/textures/squidGameDoll_01_MAT_roughness.jpg
  artifactKey: Guid(9c66d0173314e5a489ec2b3c13b7e6b9) Importer(815301076,1909f56bfc062723c751e8b465ee728b)
Start importing Assets/RLGL Asset/Doll/textures/squidGameDoll_01_MAT_roughness.jpg using Guid(9c66d0173314e5a489ec2b3c13b7e6b9) Importer(815301076,1909f56bfc062723c751e8b465ee728b)  -> (artifact id: '3ad0b9f736b8287977224a9edd769209') in 0.012838 seconds 
========================================================================
Received Import Request.
  Time since last request: 0.000547 seconds.
  path: Assets/RLGL Asset/Doll/textures/squidGameDoll_02_MAT_metallic.jpg
  artifactKey: Guid(76f38305265903f43bbd498f8181fd92) Importer(815301076,1909f56bfc062723c751e8b465ee728b)
Start importing Assets/RLGL Asset/Doll/textures/squidGameDoll_02_MAT_metallic.jpg using Guid(76f38305265903f43bbd498f8181fd92) Importer(815301076,1909f56bfc062723c751e8b465ee728b)  -> (artifact id: '35c3cb161d71c6dc152bdd4728f284da') in 0.014322 seconds 
========================================================================
Received Import Request.
  Time since last request: 0.000409 seconds.
  path: Assets/RLGL Asset/Doll/textures/squidGameDoll_01_MAT_normal.png
  artifactKey: Guid(ba745eca85406fe479b4372e5103bc77) Importer(815301076,1909f56bfc062723c751e8b465ee728b)
Start importing Assets/RLGL Asset/Doll/textures/squidGameDoll_01_MAT_normal.png using Guid(ba745eca85406fe479b4372e5103bc77) Importer(815301076,1909f56bfc062723c751e8b465ee728b)  -> (artifact id: 'c8ffa51a161d2c03aa9b97e627a2e57d') in 0.013387 seconds 
========================================================================
Received Import Request.
  Time since last request: 0.000449 seconds.
  path: Assets/RLGL Asset/Doll/textures/Material 2.mat
  artifactKey: Guid(205950cee57d7b14eba6bec757c9dcfc) Importer(815301076,1909f56bfc062723c751e8b465ee728b)
Start importing Assets/RLGL Asset/Doll/textures/Material 2.mat using Guid(205950cee57d7b14eba6bec757c9dcfc) Importer(815301076,1909f56bfc062723c751e8b465ee728b)  -> (artifact id: 'd634e0f3ce3809fa1b80ab5c3038d57f') in 0.020267 seconds 
========================================================================
Received Import Request.
  Time since last request: 0.000261 seconds.
  path: Assets/RLGL Asset/Doll/textures/squidGameDoll_01_MAT_metallic.jpg
  artifactKey: Guid(f731655688ced9f4dbe340ba290ce839) Importer(815301076,1909f56bfc062723c751e8b465ee728b)
Start importing Assets/RLGL Asset/Doll/textures/squidGameDoll_01_MAT_metallic.jpg using Guid(f731655688ced9f4dbe340ba290ce839) Importer(815301076,1909f56bfc062723c751e8b465ee728b)  -> (artifact id: '17585a5e01b67a5660a1930be1907820') in 0.010672 seconds 
========================================================================
Received Import Request.
  Time since last request: 10.724440 seconds.
  path: Assets/RLGL Asset/Doll/Animations
  artifactKey: Guid(30038df241ef47747ad544a09f051618) Importer(815301076,1909f56bfc062723c751e8b465ee728b)
Start importing Assets/RLGL Asset/Doll/Animations using Guid(30038df241ef47747ad544a09f051618) Importer(815301076,1909f56bfc062723c751e8b465ee728b)  -> (artifact id: '9a15e43f740543dfa25cc04df0339ace') in 0.017930 seconds 
========================================================================
Received Import Request.
  Time since last request: 1.059797 seconds.
  path: Assets/RLGL Asset/Doll/Animations/BackToGreen.anim
  artifactKey: Guid(46a0b105243caba4daf6f34aeddde91e) Importer(815301076,1909f56bfc062723c751e8b465ee728b)
Start importing Assets/RLGL Asset/Doll/Animations/BackToGreen.anim using Guid(46a0b105243caba4daf6f34aeddde91e) Importer(815301076,1909f56bfc062723c751e8b465ee728b)  -> (artifact id: 'd2149e07123c6b3b69fa5ceebb19da30') in 0.009633 seconds 
========================================================================
Received Import Request.
  Time since last request: 0.730907 seconds.
  path: Assets/RLGL Asset/Doll/Animations/GreenLight.anim
  artifactKey: Guid(5295e26434f76224d8905ff83f31cd44) Importer(815301076,1909f56bfc062723c751e8b465ee728b)
Start importing Assets/RLGL Asset/Doll/Animations/GreenLight.anim using Guid(5295e26434f76224d8905ff83f31cd44) Importer(815301076,1909f56bfc062723c751e8b465ee728b)  -> (artifact id: '1a964c0ff4da813c89c3ba884e6f33f4') in 0.030801 seconds 
========================================================================
Received Import Request.
  Time since last request: 0.617333 seconds.
  path: Assets/RLGL Asset/Doll/Animations/RedLight.anim
  artifactKey: Guid(22468551093c582468277cf5c7248219) Importer(815301076,1909f56bfc062723c751e8b465ee728b)
Start importing Assets/RLGL Asset/Doll/Animations/RedLight.anim using Guid(22468551093c582468277cf5c7248219) Importer(815301076,1909f56bfc062723c751e8b465ee728b)  -> (artifact id: '8628eb8418e01673f281ef9f0e99709f') in 0.019680 seconds 
========================================================================
Received Import Request.
  Time since last request: 65.663492 seconds.
  path: Assets/RLGL Asset/Low Poly Free Vegetation Kit
  artifactKey: Guid(41169d5e209e64e4085ca222bff5ca1d) Importer(815301076,1909f56bfc062723c751e8b465ee728b)
Start importing Assets/RLGL Asset/Low Poly Free Vegetation Kit using Guid(41169d5e209e64e4085ca222bff5ca1d) Importer(815301076,1909f56bfc062723c751e8b465ee728b)  -> (artifact id: 'f3912c11e049a12523bffc6be6f0e2fd') in 0.007277 seconds 
========================================================================
Received Import Request.
  Time since last request: 2.201651 seconds.
  path: Assets/RLGL Asset/Low Poly Free Vegetation Kit/Prefabs
  artifactKey: Guid(d4a22d696d01a7249981977642f3bb1a) Importer(815301076,1909f56bfc062723c751e8b465ee728b)
Start importing Assets/RLGL Asset/Low Poly Free Vegetation Kit/Prefabs using Guid(d4a22d696d01a7249981977642f3bb1a) Importer(815301076,1909f56bfc062723c751e8b465ee728b)  -> (artifact id: '017842fa8c3495c2115d679cff530b87') in 0.008699 seconds 
========================================================================
Received Import Request.
  Time since last request: 0.619733 seconds.
  path: Assets/RLGL Asset/Low Poly Free Vegetation Kit/Prefabs/Vegetation
  artifactKey: Guid(f3b87a002ea6ee6439efcc0bd65e95ad) Importer(815301076,1909f56bfc062723c751e8b465ee728b)
Start importing Assets/RLGL Asset/Low Poly Free Vegetation Kit/Prefabs/Vegetation using Guid(f3b87a002ea6ee6439efcc0bd65e95ad) Importer(815301076,1909f56bfc062723c751e8b465ee728b)  -> (artifact id: '6bfd7510bd874ba51e748de1bc6b10fb') in 0.014251 seconds 
========================================================================
Received Import Request.
  Time since last request: 0.000338 seconds.
  path: Assets/RLGL Asset/Low Poly Free Vegetation Kit/Prefabs/Vegetation/Branch 3.prefab
  artifactKey: Guid(fdd3446cc2b63d44fb714ae3ca931241) Importer(815301076,1909f56bfc062723c751e8b465ee728b)
Start importing Assets/RLGL Asset/Low Poly Free Vegetation Kit/Prefabs/Vegetation/Branch 3.prefab using Guid(fdd3446cc2b63d44fb714ae3ca931241) Importer(815301076,1909f56bfc062723c751e8b465ee728b)  -> (artifact id: 'e6b254891378986b9fcfb17024e3d4f4') in 0.020262 seconds 
========================================================================
Received Import Request.
  Time since last request: 0.000230 seconds.
  path: Assets/RLGL Asset/Low Poly Free Vegetation Kit/Prefabs/Vegetation/Grass Patch 5.prefab
  artifactKey: Guid(93e3512978bcf1743819154cc039e1a7) Importer(815301076,1909f56bfc062723c751e8b465ee728b)
Start importing Assets/RLGL Asset/Low Poly Free Vegetation Kit/Prefabs/Vegetation/Grass Patch 5.prefab using Guid(93e3512978bcf1743819154cc039e1a7) Importer(815301076,1909f56bfc062723c751e8b465ee728b)  -> (artifact id: '0c2cd136ac243459fed88caeb933e1ba') in 0.243565 seconds 
========================================================================
Received Import Request.
  Time since last request: 0.000294 seconds.
  path: Assets/RLGL Asset/Low Poly Free Vegetation Kit/Prefabs/Vegetation/Tree 1.prefab
  artifactKey: Guid(06573cc19fb2e4a479092a9b4687b26c) Importer(815301076,1909f56bfc062723c751e8b465ee728b)
Start importing Assets/RLGL Asset/Low Poly Free Vegetation Kit/Prefabs/Vegetation/Tree 1.prefab using Guid(06573cc19fb2e4a479092a9b4687b26c) Importer(815301076,1909f56bfc062723c751e8b465ee728b)  -> (artifact id: '51701e092e4dbbb0fb0a79c96f4e310f') in 0.022240 seconds 
========================================================================
Received Import Request.
  Time since last request: 0.000288 seconds.
  path: Assets/RLGL Asset/Low Poly Free Vegetation Kit/Prefabs/Vegetation/Plant 3.prefab
  artifactKey: Guid(64ca9e302d16490429d2a0f349d72095) Importer(815301076,1909f56bfc062723c751e8b465ee728b)
Start importing Assets/RLGL Asset/Low Poly Free Vegetation Kit/Prefabs/Vegetation/Plant 3.prefab using Guid(64ca9e302d16490429d2a0f349d72095) Importer(815301076,1909f56bfc062723c751e8b465ee728b)  -> (artifact id: 'b0f661ec16662ac40e75d3087f2695b4') in 0.023432 seconds 
========================================================================
Received Import Request.
  Time since last request: 0.000255 seconds.
  path: Assets/RLGL Asset/Low Poly Free Vegetation Kit/Prefabs/Vegetation/Tree 3.prefab
  artifactKey: Guid(ab1a291faed69db41860cdd7b273c28d) Importer(815301076,1909f56bfc062723c751e8b465ee728b)
Start importing Assets/RLGL Asset/Low Poly Free Vegetation Kit/Prefabs/Vegetation/Tree 3.prefab using Guid(ab1a291faed69db41860cdd7b273c28d) Importer(815301076,1909f56bfc062723c751e8b465ee728b)  -> (artifact id: '8224a12d0e3cb13268cceff146693a8b') in 0.022975 seconds 
========================================================================
Received Import Request.
  Time since last request: 0.000195 seconds.
  path: Assets/RLGL Asset/Low Poly Free Vegetation Kit/Prefabs/Vegetation/Tree 4.prefab
  artifactKey: Guid(2e0bdbada749e6f48b12cd3f5cadc4f3) Importer(815301076,1909f56bfc062723c751e8b465ee728b)
Start importing Assets/RLGL Asset/Low Poly Free Vegetation Kit/Prefabs/Vegetation/Tree 4.prefab using Guid(2e0bdbada749e6f48b12cd3f5cadc4f3) Importer(815301076,1909f56bfc062723c751e8b465ee728b)  -> (artifact id: 'e37287b90a10de23b23d12707acd3e92') in 0.020734 seconds 
========================================================================
Received Import Request.
  Time since last request: 0.000369 seconds.
  path: Assets/RLGL Asset/Low Poly Free Vegetation Kit/Prefabs/Vegetation/Tree 5.prefab
  artifactKey: Guid(5bec60f4b2bc22b4fa1dcca2ca18225f) Importer(815301076,1909f56bfc062723c751e8b465ee728b)
Start importing Assets/RLGL Asset/Low Poly Free Vegetation Kit/Prefabs/Vegetation/Tree 5.prefab using Guid(5bec60f4b2bc22b4fa1dcca2ca18225f) Importer(815301076,1909f56bfc062723c751e8b465ee728b)  -> (artifact id: '61a01322fc620e9287e49ad2c1785163') in 0.021817 seconds 
========================================================================
Received Import Request.
  Time since last request: 0.000303 seconds.
  path: Assets/RLGL Asset/Low Poly Free Vegetation Kit/Prefabs/Vegetation/Plant 1.prefab
  artifactKey: Guid(15f2f61c86005324ab3630e8b1ba2747) Importer(815301076,1909f56bfc062723c751e8b465ee728b)
Start importing Assets/RLGL Asset/Low Poly Free Vegetation Kit/Prefabs/Vegetation/Plant 1.prefab using Guid(15f2f61c86005324ab3630e8b1ba2747) Importer(815301076,1909f56bfc062723c751e8b465ee728b)  -> (artifact id: 'cede868fca287f45ccb73fc5779a6f36') in 0.025513 seconds 
========================================================================
Received Import Request.
  Time since last request: 0.000258 seconds.
  path: Assets/RLGL Asset/Low Poly Free Vegetation Kit/Prefabs/Vegetation/Mushroom 2.prefab
  artifactKey: Guid(18af26af61ee8234caa44dc89f89d5cf) Importer(815301076,1909f56bfc062723c751e8b465ee728b)
Start importing Assets/RLGL Asset/Low Poly Free Vegetation Kit/Prefabs/Vegetation/Mushroom 2.prefab using Guid(18af26af61ee8234caa44dc89f89d5cf) Importer(815301076,1909f56bfc062723c751e8b465ee728b)  -> (artifact id: '69501cfef32c443add855c2f67802862') in 0.023212 seconds 
========================================================================
Received Import Request.
  Time since last request: 0.000261 seconds.
  path: Assets/RLGL Asset/Low Poly Free Vegetation Kit/Prefabs/Vegetation/Flower 1.prefab
  artifactKey: Guid(a620afd0f970b5d41a1c9398ef276fd4) Importer(815301076,1909f56bfc062723c751e8b465ee728b)
Start importing Assets/RLGL Asset/Low Poly Free Vegetation Kit/Prefabs/Vegetation/Flower 1.prefab using Guid(a620afd0f970b5d41a1c9398ef276fd4) Importer(815301076,1909f56bfc062723c751e8b465ee728b)  -> (artifact id: '3af39522dec4152806b44717bfa6afd5') in 0.022185 seconds 
========================================================================
Received Import Request.
  Time since last request: 0.000229 seconds.
  path: Assets/RLGL Asset/Low Poly Free Vegetation Kit/Prefabs/Vegetation/Mushroom 3.prefab
  artifactKey: Guid(f9ba43b4d4d826f47aa990da47cf55a1) Importer(815301076,1909f56bfc062723c751e8b465ee728b)
Start importing Assets/RLGL Asset/Low Poly Free Vegetation Kit/Prefabs/Vegetation/Mushroom 3.prefab using Guid(f9ba43b4d4d826f47aa990da47cf55a1) Importer(815301076,1909f56bfc062723c751e8b465ee728b)  -> (artifact id: '7355605d519c1fbf390a7ec7d252e52e') in 0.022786 seconds 
========================================================================
Received Import Request.
  Time since last request: 0.000189 seconds.
  path: Assets/RLGL Asset/Low Poly Free Vegetation Kit/Prefabs/Vegetation/Flower 2.prefab
  artifactKey: Guid(eb027d38027a0474f9ac33e96dc2db19) Importer(815301076,1909f56bfc062723c751e8b465ee728b)
Start importing Assets/RLGL Asset/Low Poly Free Vegetation Kit/Prefabs/Vegetation/Flower 2.prefab using Guid(eb027d38027a0474f9ac33e96dc2db19) Importer(815301076,1909f56bfc062723c751e8b465ee728b)  -> (artifact id: '4cb1aa2840179a52881c4adbd447954a') in 0.021288 seconds 
========================================================================
Received Import Request.
  Time since last request: 0.000238 seconds.
  path: Assets/RLGL Asset/Low Poly Free Vegetation Kit/Prefabs/Vegetation/Flower 3.prefab
  artifactKey: Guid(f550c80a288252347bddcb7465dc52df) Importer(815301076,1909f56bfc062723c751e8b465ee728b)
Start importing Assets/RLGL Asset/Low Poly Free Vegetation Kit/Prefabs/Vegetation/Flower 3.prefab using Guid(f550c80a288252347bddcb7465dc52df) Importer(815301076,1909f56bfc062723c751e8b465ee728b)  -> (artifact id: '303dc39fd49b669fb682873abc2420b4') in 0.024081 seconds 
========================================================================
Received Import Request.
  Time since last request: 0.000269 seconds.
  path: Assets/RLGL Asset/Low Poly Free Vegetation Kit/Prefabs/Vegetation/Log.prefab
  artifactKey: Guid(4b21e533c871dba4bb5c56ba22947be8) Importer(815301076,1909f56bfc062723c751e8b465ee728b)
Start importing Assets/RLGL Asset/Low Poly Free Vegetation Kit/Prefabs/Vegetation/Log.prefab using Guid(4b21e533c871dba4bb5c56ba22947be8) Importer(815301076,1909f56bfc062723c751e8b465ee728b)  -> (artifact id: '5f9e36075d91061c08ea3a5e6cfe11f8') in 0.024870 seconds 
========================================================================
Received Import Request.
  Time since last request: 0.000258 seconds.
  path: Assets/RLGL Asset/Low Poly Free Vegetation Kit/Prefabs/Vegetation/Stump 3.prefab
  artifactKey: Guid(284148a5985781342877af69bf326a2e) Importer(815301076,1909f56bfc062723c751e8b465ee728b)
Start importing Assets/RLGL Asset/Low Poly Free Vegetation Kit/Prefabs/Vegetation/Stump 3.prefab using Guid(284148a5985781342877af69bf326a2e) Importer(815301076,1909f56bfc062723c751e8b465ee728b)  -> (artifact id: '54831cc32fe49527fc2483efb6412aff') in 0.021318 seconds 
========================================================================
Received Import Request.
  Time since last request: 0.000250 seconds.
  path: Assets/RLGL Asset/Low Poly Free Vegetation Kit/Prefabs/Vegetation/Grass Patch 2.prefab
  artifactKey: Guid(34153477ce4cf9246b4e6cda32b7153b) Importer(815301076,1909f56bfc062723c751e8b465ee728b)
Start importing Assets/RLGL Asset/Low Poly Free Vegetation Kit/Prefabs/Vegetation/Grass Patch 2.prefab using Guid(34153477ce4cf9246b4e6cda32b7153b) Importer(815301076,1909f56bfc062723c751e8b465ee728b)  -> (artifact id: '7e07d7933f1189aa7b1f3529802dcdf0') in 0.016002 seconds 
========================================================================
Received Import Request.
  Time since last request: 0.000295 seconds.
  path: Assets/RLGL Asset/Low Poly Free Vegetation Kit/Prefabs/Vegetation/Mushroom 1.prefab
  artifactKey: Guid(c4e981a1c971f6242b943d74ed0d8a65) Importer(815301076,1909f56bfc062723c751e8b465ee728b)
Start importing Assets/RLGL Asset/Low Poly Free Vegetation Kit/Prefabs/Vegetation/Mushroom 1.prefab using Guid(c4e981a1c971f6242b943d74ed0d8a65) Importer(815301076,1909f56bfc062723c751e8b465ee728b)  -> (artifact id: '09a85189212da7e24be0228e3c18e3b6') in 0.017263 seconds 
========================================================================
Received Import Request.
  Time since last request: 0.000188 seconds.
  path: Assets/RLGL Asset/Low Poly Free Vegetation Kit/Prefabs/Vegetation/Grass Patch 1.prefab
  artifactKey: Guid(d483cda7cf88d5c43a719c90483764f1) Importer(815301076,1909f56bfc062723c751e8b465ee728b)
Start importing Assets/RLGL Asset/Low Poly Free Vegetation Kit/Prefabs/Vegetation/Grass Patch 1.prefab using Guid(d483cda7cf88d5c43a719c90483764f1) Importer(815301076,1909f56bfc062723c751e8b465ee728b)  -> (artifact id: '9ad145293d112beac71345fe15091dfd') in 0.017596 seconds 
========================================================================
Received Import Request.
  Time since last request: 0.000282 seconds.
  path: Assets/RLGL Asset/Low Poly Free Vegetation Kit/Prefabs/Vegetation/Branch 1.prefab
  artifactKey: Guid(37f9aeb2fdaf19f4a8efd7ce8a593dcd) Importer(815301076,1909f56bfc062723c751e8b465ee728b)
Start importing Assets/RLGL Asset/Low Poly Free Vegetation Kit/Prefabs/Vegetation/Branch 1.prefab using Guid(37f9aeb2fdaf19f4a8efd7ce8a593dcd) Importer(815301076,1909f56bfc062723c751e8b465ee728b)  -> (artifact id: '815b7d76f3e8972c80fb2556c1f3fb3a') in 0.015955 seconds 
========================================================================
Received Import Request.
  Time since last request: 0.000245 seconds.
  path: Assets/RLGL Asset/Low Poly Free Vegetation Kit/Prefabs/Vegetation/Branch 2.prefab
  artifactKey: Guid(006e392d17557b045b1e173abb80f1e8) Importer(815301076,1909f56bfc062723c751e8b465ee728b)
Start importing Assets/RLGL Asset/Low Poly Free Vegetation Kit/Prefabs/Vegetation/Branch 2.prefab using Guid(006e392d17557b045b1e173abb80f1e8) Importer(815301076,1909f56bfc062723c751e8b465ee728b)  -> (artifact id: 'c57f6e6cbe0905492b0b5eaee6ef941c') in 0.016875 seconds 
========================================================================
Received Import Request.
  Time since last request: 0.000280 seconds.
  path: Assets/RLGL Asset/Low Poly Free Vegetation Kit/Prefabs/Vegetation/Plant 2.prefab
  artifactKey: Guid(30cd4b8a989daaa4fbb273ee70bf99f6) Importer(815301076,1909f56bfc062723c751e8b465ee728b)
Start importing Assets/RLGL Asset/Low Poly Free Vegetation Kit/Prefabs/Vegetation/Plant 2.prefab using Guid(30cd4b8a989daaa4fbb273ee70bf99f6) Importer(815301076,1909f56bfc062723c751e8b465ee728b)  -> (artifact id: '711d7fdfae0e27ff23e46e465eff79e7') in 0.017939 seconds 
========================================================================
Received Import Request.
  Time since last request: 0.000230 seconds.
  path: Assets/RLGL Asset/Low Poly Free Vegetation Kit/Prefabs/Vegetation/Grass Patch 3.prefab
  artifactKey: Guid(94041ccdef74f7d408ff9d1382f49eae) Importer(815301076,1909f56bfc062723c751e8b465ee728b)
Start importing Assets/RLGL Asset/Low Poly Free Vegetation Kit/Prefabs/Vegetation/Grass Patch 3.prefab using Guid(94041ccdef74f7d408ff9d1382f49eae) Importer(815301076,1909f56bfc062723c751e8b465ee728b)  -> (artifact id: 'ac5e299339c42b9278425a3981001b5a') in 0.018393 seconds 
========================================================================
Received Import Request.
  Time since last request: 0.000287 seconds.
  path: Assets/RLGL Asset/Low Poly Free Vegetation Kit/Prefabs/Vegetation/Grass Patch 4.prefab
  artifactKey: Guid(32d76070fd4329949a147d840b3a3fdf) Importer(815301076,1909f56bfc062723c751e8b465ee728b)
Start importing Assets/RLGL Asset/Low Poly Free Vegetation Kit/Prefabs/Vegetation/Grass Patch 4.prefab using Guid(32d76070fd4329949a147d840b3a3fdf) Importer(815301076,1909f56bfc062723c751e8b465ee728b)  -> (artifact id: '32fdde57c87918b3768716fb6cb5ddaf') in 0.017478 seconds 
========================================================================
Received Import Request.
  Time since last request: 0.000328 seconds.
  path: Assets/RLGL Asset/Low Poly Free Vegetation Kit/Prefabs/Vegetation/Tree 2.prefab
  artifactKey: Guid(b0b4c1c1dea91474e80b958446c76e5b) Importer(815301076,1909f56bfc062723c751e8b465ee728b)
Start importing Assets/RLGL Asset/Low Poly Free Vegetation Kit/Prefabs/Vegetation/Tree 2.prefab using Guid(b0b4c1c1dea91474e80b958446c76e5b) Importer(815301076,1909f56bfc062723c751e8b465ee728b)  -> (artifact id: 'cec948954a48907e184456e46fc5dbac') in 0.016873 seconds 
========================================================================
Received Import Request.
  Time since last request: 0.000242 seconds.
  path: Assets/RLGL Asset/Low Poly Free Vegetation Kit/Prefabs/Vegetation/Stump 2.prefab
  artifactKey: Guid(89c243b5404a4554985c1d903093fa00) Importer(815301076,1909f56bfc062723c751e8b465ee728b)
Start importing Assets/RLGL Asset/Low Poly Free Vegetation Kit/Prefabs/Vegetation/Stump 2.prefab using Guid(89c243b5404a4554985c1d903093fa00) Importer(815301076,1909f56bfc062723c751e8b465ee728b)  -> (artifact id: '29638b52134b030f2edff558f24a7467') in 0.018396 seconds 
========================================================================
Received Import Request.
  Time since last request: 0.000245 seconds.
  path: Assets/RLGL Asset/Low Poly Free Vegetation Kit/Prefabs/Vegetation/Stump 1.prefab
  artifactKey: Guid(0c1dc9162f86dac488068fdcb3cf9715) Importer(815301076,1909f56bfc062723c751e8b465ee728b)
Start importing Assets/RLGL Asset/Low Poly Free Vegetation Kit/Prefabs/Vegetation/Stump 1.prefab using Guid(0c1dc9162f86dac488068fdcb3cf9715) Importer(815301076,1909f56bfc062723c751e8b465ee728b)  -> (artifact id: '78eb1c433529fc915771ca91a6f39cd9') in 0.016482 seconds 
========================================================================
Received Import Request.
  Time since last request: 260.206098 seconds.
  path: Assets
  artifactKey: Guid(00000000000000001000000000000000) Importer(815301076,1909f56bfc062723c751e8b465ee728b)
Start importing Assets using Guid(00000000000000001000000000000000) Importer(815301076,1909f56bfc062723c751e8b465ee728b)  -> (artifact id: '42d402b061de3733987d63b9cc3b64de') in 0.002476 seconds 
========================================================================
Received Import Request.
  Time since last request: 5.311643 seconds.
  path: Assets/Audio
  artifactKey: Guid(d9bd6997d504d604a80defbc87728070) Importer(815301076,1909f56bfc062723c751e8b465ee728b)
Start importing Assets/Audio using Guid(d9bd6997d504d604a80defbc87728070) Importer(815301076,1909f56bfc062723c751e8b465ee728b)  -> (artifact id: 'c951a8119ccd551fc6125587e3a25cf2') in 0.011817 seconds 
========================================================================
Received Import Request.
  Time since last request: 859.408410 seconds.
  path: Assets/RLGL Asset/Ground033_1K-PNG
  artifactKey: Guid(92d869404a68c854186199eafcfaefa6) Importer(815301076,1909f56bfc062723c751e8b465ee728b)
Start importing Assets/RLGL Asset/Ground033_1K-PNG using Guid(92d869404a68c854186199eafcfaefa6) Importer(815301076,1909f56bfc062723c751e8b465ee728b)  -> (artifact id: '0ce12129d13eea32193a2d331abc73ee') in 0.006769 seconds 
========================================================================
Received Import Request.
  Time since last request: 0.029300 seconds.
  path: Assets/RLGL Asset/Ground033_1K-PNG/Ground033_1K_AmbientOcclusion.png
  artifactKey: Guid(780a1f2464d4ccb4e81661e9651e81a3) Importer(815301076,1909f56bfc062723c751e8b465ee728b)
Start importing Assets/RLGL Asset/Ground033_1K-PNG/Ground033_1K_AmbientOcclusion.png using Guid(780a1f2464d4ccb4e81661e9651e81a3) Importer(815301076,1909f56bfc062723c751e8b465ee728b)  -> (artifact id: '9e45bb74668d7bef9fcc1377ad69498d') in 0.023683 seconds 
========================================================================
Received Import Request.
  Time since last request: 0.000236 seconds.
  path: Assets/RLGL Asset/Ground033_1K-PNG/Ground033_1K_NormalDX.png
  artifactKey: Guid(80cc8bc9bae35004ba26e43d41d4ab14) Importer(815301076,1909f56bfc062723c751e8b465ee728b)
Start importing Assets/RLGL Asset/Ground033_1K-PNG/Ground033_1K_NormalDX.png using Guid(80cc8bc9bae35004ba26e43d41d4ab14) Importer(815301076,1909f56bfc062723c751e8b465ee728b)  -> (artifact id: '74990d52f9144f76e67cfbb4abca62cd') in 0.017482 seconds 
========================================================================
Received Import Request.
  Time since last request: 0.000300 seconds.
  path: Assets/RLGL Asset/Ground033_1K-PNG/Ground033_PREVIEW.jpg
  artifactKey: Guid(0fcb36f2eb2202944897cd2a59ae7b61) Importer(815301076,1909f56bfc062723c751e8b465ee728b)
Start importing Assets/RLGL Asset/Ground033_1K-PNG/Ground033_PREVIEW.jpg using Guid(0fcb36f2eb2202944897cd2a59ae7b61) Importer(815301076,1909f56bfc062723c751e8b465ee728b)  -> (artifact id: 'a7bc5e948ff6c2b939fb045a6251a4d0') in 0.017282 seconds 
========================================================================
Received Import Request.
  Time since last request: 0.000268 seconds.
  path: Assets/RLGL Asset/Ground033_1K-PNG/Ground033_1K_Displacement.png
  artifactKey: Guid(cea88679636ef884ba2ba6d7cd931c30) Importer(815301076,1909f56bfc062723c751e8b465ee728b)
Start importing Assets/RLGL Asset/Ground033_1K-PNG/Ground033_1K_Displacement.png using Guid(cea88679636ef884ba2ba6d7cd931c30) Importer(815301076,1909f56bfc062723c751e8b465ee728b)  -> (artifact id: '9fcef7bb5ae36b1a51d810a3cf32ab52') in 0.016131 seconds 
========================================================================
Received Import Request.
  Time since last request: 0.000229 seconds.
  path: Assets/RLGL Asset/Ground033_1K-PNG/Ground033_1K_Roughness.png
  artifactKey: Guid(418a8ec495c8aff488dba9c5a6dd76d4) Importer(815301076,1909f56bfc062723c751e8b465ee728b)
Start importing Assets/RLGL Asset/Ground033_1K-PNG/Ground033_1K_Roughness.png using Guid(418a8ec495c8aff488dba9c5a6dd76d4) Importer(815301076,1909f56bfc062723c751e8b465ee728b)  -> (artifact id: '199bb579089ae7a67bd5e4a24c2c3ef7') in 0.015421 seconds 
========================================================================
Received Import Request.
  Time since last request: 0.000335 seconds.
  path: Assets/RLGL Asset/Ground033_1K-PNG/Ground033_1K_Color.png
  artifactKey: Guid(356654a485715114e9da1c42733e5821) Importer(815301076,1909f56bfc062723c751e8b465ee728b)
Start importing Assets/RLGL Asset/Ground033_1K-PNG/Ground033_1K_Color.png using Guid(356654a485715114e9da1c42733e5821) Importer(815301076,1909f56bfc062723c751e8b465ee728b)  -> (artifact id: '83ec4fca050cbea85a3fcb0642645fe7') in 0.017375 seconds 
========================================================================
Received Import Request.
  Time since last request: 0.000265 seconds.
  path: Assets/RLGL Asset/Ground033_1K-PNG/Ground033_1K_NormalGL.png
  artifactKey: Guid(3dac34c34c38dc64584ead3297ae6f20) Importer(815301076,1909f56bfc062723c751e8b465ee728b)
Start importing Assets/RLGL Asset/Ground033_1K-PNG/Ground033_1K_NormalGL.png using Guid(3dac34c34c38dc64584ead3297ae6f20) Importer(815301076,1909f56bfc062723c751e8b465ee728b)  -> (artifact id: '23ac4ec25851fb511c8fb5c32fb71c19') in 0.015930 seconds 
========================================================================
Received Import Request.
  Time since last request: 334.316416 seconds.
  path: Assets/RLGL Asset/Ground033_1K-PNG/Materials
  artifactKey: Guid(2d9f0deb55b282b4bad303693a2373d0) Importer(815301076,1909f56bfc062723c751e8b465ee728b)
Start importing Assets/RLGL Asset/Ground033_1K-PNG/Materials using Guid(2d9f0deb55b282b4bad303693a2373d0) Importer(815301076,1909f56bfc062723c751e8b465ee728b)  -> (artifact id: 'c48b42b35c4e927e8caaa988a711195e') in 0.007627 seconds 
========================================================================
Received Import Request.
  Time since last request: 0.049011 seconds.
  path: Assets/RLGL Asset/Ground033_1K-PNG/Materials/Ground033_PREVIEW.mat
  artifactKey: Guid(4ed5554e624e61240884a399ad77698a) Importer(815301076,1909f56bfc062723c751e8b465ee728b)
Start importing Assets/RLGL Asset/Ground033_1K-PNG/Materials/Ground033_PREVIEW.mat using Guid(4ed5554e624e61240884a399ad77698a) Importer(815301076,1909f56bfc062723c751e8b465ee728b)  -> (artifact id: '898fe34bdfda2d2b7fe04fd5027eaf35') in 0.303108 seconds 
========================================================================
Received Import Request.
  Time since last request: 2079.782038 seconds.
  path: Assets/RLGL Asset/Man
  artifactKey: Guid(9efaa7161521767489e24cce959061a8) Importer(815301076,1909f56bfc062723c751e8b465ee728b)
Start importing Assets/RLGL Asset/Man using Guid(9efaa7161521767489e24cce959061a8) Importer(815301076,1909f56bfc062723c751e8b465ee728b)  -> (artifact id: '336b86cc72f20943397ee3693c3b910f') in 0.011744 seconds 
========================================================================
Received Import Request.
  Time since last request: 0.042271 seconds.
  path: Assets/RLGL Asset/Man/Material.mat
  artifactKey: Guid(ed6e9c0cf4cbfb74abf3c7be5aa3e9b2) Importer(815301076,1909f56bfc062723c751e8b465ee728b)
Start importing Assets/RLGL Asset/Man/Material.mat using Guid(ed6e9c0cf4cbfb74abf3c7be5aa3e9b2) Importer(815301076,1909f56bfc062723c751e8b465ee728b)  -> (artifact id: 'cfc4edb5120cc5dcc3008cad218b9557') in 0.016845 seconds 
========================================================================
Received Import Request.
  Time since last request: 0.000185 seconds.
  path: Assets/RLGL Asset/Man/MaterialColor.png
  artifactKey: Guid(0d20a6dd11849974a87e019c3a7fc404) Importer(815301076,1909f56bfc062723c751e8b465ee728b)
Start importing Assets/RLGL Asset/Man/MaterialColor.png using Guid(0d20a6dd11849974a87e019c3a7fc404) Importer(815301076,1909f56bfc062723c751e8b465ee728b)  -> (artifact id: '95e3ee211b05482835dc7eebd24ee4c0') in 0.012859 seconds 
========================================================================
Received Import Request.
  Time since last request: 0.000234 seconds.
  path: Assets/RLGL Asset/Man/SquidGamePeoplefbx.fbx
  artifactKey: Guid(b84ad9de5c7e40d438ee627ea06ffcc2) Importer(815301076,1909f56bfc062723c751e8b465ee728b)
Start importing Assets/RLGL Asset/Man/SquidGamePeoplefbx.fbx using Guid(b84ad9de5c7e40d438ee627ea06ffcc2) Importer(815301076,1909f56bfc062723c751e8b465ee728b)  -> (artifact id: '28fd4ee2227cec1db9f98771d8ffb384') in 0.091927 seconds 
========================================================================
Received Prepare
Registering precompiled user dll's ...
Registered in 0.001857 seconds.
Begin MonoManager ReloadAssembly
Native extension for WindowsStandalone target not found
Refreshing native plugins compatible for Editor in 0.35 ms, found 2 plugins.
Preloading 0 native plugins for Editor in 0.00 ms.
Mono: successfully reloaded assembly
- Completed reload, in  0.929 seconds
Domain Reload Profiling:
	ReloadAssembly (930ms)
		BeginReloadAssembly (130ms)
			ExecutionOrderSort (0ms)
			DisableScriptedObjects (5ms)
			BackupInstance (0ms)
			ReleaseScriptingObjects (0ms)
			CreateAndSetChildDomain (44ms)
		EndReloadAssembly (736ms)
			LoadAssemblies (102ms)
			RebuildTransferFunctionScriptingTraits (0ms)
			SetupTypeCache (265ms)
			ReleaseScriptCaches (1ms)
			RebuildScriptCaches (37ms)
			SetupLoadedEditorAssemblies (262ms)
				LogAssemblyErrors (0ms)
				InitializePlatformSupportModulesInManaged (4ms)
				SetLoadedEditorAssemblies (1ms)
				RefreshPlugins (0ms)
				BeforeProcessingInitializeOnLoad (69ms)
				ProcessInitializeOnLoadAttributes (172ms)
				ProcessInitializeOnLoadMethodAttributes (14ms)
				AfterProcessingInitializeOnLoad (2ms)
				EditorAssembliesLoaded (0ms)
			ExecutionOrderSort2 (0ms)
			AwakeInstancesAfterBackupRestoration (2ms)
Platform modules already initialized, skipping
Shader 'BOXOPHOBIC/Polyverse Skies/Standard': fallback shader 'False' not found
Shader 'BOXOPHOBIC/Polyverse Skies/Simple': fallback shader 'False' not found
Refreshing native plugins compatible for Editor in 0.37 ms, found 2 plugins.
Preloading 0 native plugins for Editor in 0.00 ms.
Unloading 1578 Unused Serialized files (Serialized files now loaded: 0)
System memory in use before: 88.9 MB.
System memory in use after: 89.0 MB.

Unloading 12 unused Assets to reduce memory usage. Loaded Objects now: 2080.
Total: 2.774500 ms (FindLiveObjects: 0.140400 ms CreateObjectMapping: 0.055900 ms MarkObjects: 2.524700 ms  DeleteObjects: 0.052600 ms)

AssetImportParameters requested are different than current active one (requested -> active):
  custom:framework-win-MediaFoundation: 216162199b28c13a410421893ffa2e32 -> 
  custom:video-decoder-ogg-theora: a1e56fd34408186e4bbccfd4996cb3dc -> 
  custom:container-muxer-webm: aa71ff27fc2769a1b78a27578f13a17b -> 
  custom:container-demuxer-webm: 4f35f7cbe854078d1ac9338744f61a02 -> 
  custom:container-demuxer-ogg: 62fdf1f143b41e24485cea50d1cbac27 -> 
  custom:video-encoder-webm-vp8: eb34c28f22e8b96e1ab97ce403110664 -> 
  custom:video-codec-MediaFoundation-h265: 746d11721c4dcdbdad8f713fa42b33f4 -> 
  custom:video-decoder-webm-vp8: 9c59270c3fd7afecdb556c50c9e8de78 -> 
  custom:audio-decoder-ogg-vorbis: bf7c407c2cedff20999df2af8eb42d56 -> 
  custom:audio-encoder-webm-vorbis: bf7c407c2cedff20999df2af8eb42d56 -> 
========================================================================
Received Import Request.
  Time since last request: 420.418486 seconds.
  path: Assets/Scripts
  artifactKey: Guid(0fb8cad21427b29429fa5a6e23630871) Importer(815301076,1909f56bfc062723c751e8b465ee728b)
Start importing Assets/Scripts using Guid(0fb8cad21427b29429fa5a6e23630871) Importer(815301076,1909f56bfc062723c751e8b465ee728b)  -> (artifact id: 'a3615ecac7516c2ce9791ddb9171ea2d') in 0.012146 seconds 
========================================================================
Received Prepare
Registering precompiled user dll's ...
Registered in 0.001854 seconds.
Begin MonoManager ReloadAssembly
Native extension for WindowsStandalone target not found
Refreshing native plugins compatible for Editor in 0.42 ms, found 2 plugins.
Preloading 0 native plugins for Editor in 0.00 ms.
Mono: successfully reloaded assembly
- Completed reload, in  1.204 seconds
Domain Reload Profiling:
	ReloadAssembly (1205ms)
		BeginReloadAssembly (171ms)
			ExecutionOrderSort (0ms)
			DisableScriptedObjects (5ms)
			BackupInstance (0ms)
			ReleaseScriptingObjects (0ms)
			CreateAndSetChildDomain (35ms)
		EndReloadAssembly (919ms)
			LoadAssemblies (187ms)
			RebuildTransferFunctionScriptingTraits (0ms)
			SetupTypeCache (347ms)
			ReleaseScriptCaches (1ms)
			RebuildScriptCaches (44ms)
			SetupLoadedEditorAssemblies (303ms)
				LogAssemblyErrors (0ms)
				InitializePlatformSupportModulesInManaged (5ms)
				SetLoadedEditorAssemblies (1ms)
				RefreshPlugins (0ms)
				BeforeProcessingInitializeOnLoad (81ms)
				ProcessInitializeOnLoadAttributes (199ms)
				ProcessInitializeOnLoadMethodAttributes (15ms)
				AfterProcessingInitializeOnLoad (2ms)
				EditorAssembliesLoaded (0ms)
			ExecutionOrderSort2 (0ms)
			AwakeInstancesAfterBackupRestoration (2ms)
Platform modules already initialized, skipping
Shader 'BOXOPHOBIC/Polyverse Skies/Standard': fallback shader 'False' not found
Shader 'BOXOPHOBIC/Polyverse Skies/Simple': fallback shader 'False' not found
Refreshing native plugins compatible for Editor in 0.40 ms, found 2 plugins.
Preloading 0 native plugins for Editor in 0.00 ms.
Unloading 1578 Unused Serialized files (Serialized files now loaded: 0)
System memory in use before: 88.9 MB.
System memory in use after: 89.0 MB.

Unloading 12 unused Assets to reduce memory usage. Loaded Objects now: 2083.
Total: 2.970100 ms (FindLiveObjects: 0.179200 ms CreateObjectMapping: 0.059800 ms MarkObjects: 2.674000 ms  DeleteObjects: 0.053900 ms)

AssetImportParameters requested are different than current active one (requested -> active):
  custom:framework-win-MediaFoundation: 216162199b28c13a410421893ffa2e32 -> 
  custom:video-decoder-ogg-theora: a1e56fd34408186e4bbccfd4996cb3dc -> 
  custom:container-muxer-webm: aa71ff27fc2769a1b78a27578f13a17b -> 
  custom:container-demuxer-webm: 4f35f7cbe854078d1ac9338744f61a02 -> 
  custom:container-demuxer-ogg: 62fdf1f143b41e24485cea50d1cbac27 -> 
  custom:video-encoder-webm-vp8: eb34c28f22e8b96e1ab97ce403110664 -> 
  custom:video-codec-MediaFoundation-h265: 746d11721c4dcdbdad8f713fa42b33f4 -> 
  custom:video-decoder-webm-vp8: 9c59270c3fd7afecdb556c50c9e8de78 -> 
  custom:audio-decoder-ogg-vorbis: bf7c407c2cedff20999df2af8eb42d56 -> 
  custom:audio-encoder-webm-vorbis: bf7c407c2cedff20999df2af8eb42d56 -> 
========================================================================
Received Import Request.
  Time since last request: 201.220277 seconds.
  path: Assets/Scripts/DollController.cs
  artifactKey: Guid(ae5b0c6b83d600c449e3f2c7abbcdb5e) Importer(815301076,1909f56bfc062723c751e8b465ee728b)
Start importing Assets/Scripts/DollController.cs using Guid(ae5b0c6b83d600c449e3f2c7abbcdb5e) Importer(815301076,1909f56bfc062723c751e8b465ee728b)  -> (artifact id: '221c5e70cb90291f2162a23a9c2cffe6') in 0.049743 seconds 
========================================================================
Received Import Request.
  Time since last request: 342.003431 seconds.
  path: Assets/Scripts/DollController.cs
  artifactKey: Guid(ae5b0c6b83d600c449e3f2c7abbcdb5e) Importer(815301076,1909f56bfc062723c751e8b465ee728b)
Start importing Assets/Scripts/DollController.cs using Guid(ae5b0c6b83d600c449e3f2c7abbcdb5e) Importer(815301076,1909f56bfc062723c751e8b465ee728b)  -> (artifact id: '09b838470f54f1ab4813b20f05090721') in 0.001783 seconds 
========================================================================
Received Prepare
Registering precompiled user dll's ...
Registered in 0.001929 seconds.
Begin MonoManager ReloadAssembly
Native extension for WindowsStandalone target not found
Refreshing native plugins compatible for Editor in 0.43 ms, found 2 plugins.
Preloading 0 native plugins for Editor in 0.00 ms.
Mono: successfully reloaded assembly
- Completed reload, in  1.042 seconds
Domain Reload Profiling:
	ReloadAssembly (1042ms)
		BeginReloadAssembly (123ms)
			ExecutionOrderSort (0ms)
			DisableScriptedObjects (5ms)
			BackupInstance (0ms)
			ReleaseScriptingObjects (0ms)
			CreateAndSetChildDomain (36ms)
		EndReloadAssembly (853ms)
			LoadAssemblies (104ms)
			RebuildTransferFunctionScriptingTraits (0ms)
			SetupTypeCache (327ms)
			ReleaseScriptCaches (1ms)
			RebuildScriptCaches (42ms)
			SetupLoadedEditorAssemblies (299ms)
				LogAssemblyErrors (0ms)
				InitializePlatformSupportModulesInManaged (5ms)
				SetLoadedEditorAssemblies (1ms)
				RefreshPlugins (0ms)
				BeforeProcessingInitializeOnLoad (78ms)
				ProcessInitializeOnLoadAttributes (198ms)
				ProcessInitializeOnLoadMethodAttributes (15ms)
				AfterProcessingInitializeOnLoad (3ms)
				EditorAssembliesLoaded (0ms)
			ExecutionOrderSort2 (0ms)
			AwakeInstancesAfterBackupRestoration (2ms)
Platform modules already initialized, skipping
Shader 'BOXOPHOBIC/Polyverse Skies/Standard': fallback shader 'False' not found
Shader 'BOXOPHOBIC/Polyverse Skies/Simple': fallback shader 'False' not found
Refreshing native plugins compatible for Editor in 0.37 ms, found 2 plugins.
Preloading 0 native plugins for Editor in 0.00 ms.
Unloading 1578 Unused Serialized files (Serialized files now loaded: 0)
System memory in use before: 89.0 MB.
System memory in use after: 89.0 MB.

Unloading 12 unused Assets to reduce memory usage. Loaded Objects now: 2086.
Total: 2.765700 ms (FindLiveObjects: 0.137800 ms CreateObjectMapping: 0.060700 ms MarkObjects: 2.508000 ms  DeleteObjects: 0.058500 ms)

AssetImportParameters requested are different than current active one (requested -> active):
  custom:framework-win-MediaFoundation: 216162199b28c13a410421893ffa2e32 -> 
  custom:video-decoder-ogg-theora: a1e56fd34408186e4bbccfd4996cb3dc -> 
  custom:container-muxer-webm: aa71ff27fc2769a1b78a27578f13a17b -> 
  custom:container-demuxer-webm: 4f35f7cbe854078d1ac9338744f61a02 -> 
  custom:container-demuxer-ogg: 62fdf1f143b41e24485cea50d1cbac27 -> 
  custom:video-encoder-webm-vp8: eb34c28f22e8b96e1ab97ce403110664 -> 
  custom:video-codec-MediaFoundation-h265: 746d11721c4dcdbdad8f713fa42b33f4 -> 
  custom:video-decoder-webm-vp8: 9c59270c3fd7afecdb556c50c9e8de78 -> 
  custom:audio-decoder-ogg-vorbis: bf7c407c2cedff20999df2af8eb42d56 -> 
  custom:audio-encoder-webm-vorbis: bf7c407c2cedff20999df2af8eb42d56 -> 
========================================================================
Received Import Request.
  Time since last request: 46.503778 seconds.
  path: Assets/Scripts/DollController.cs
  artifactKey: Guid(ae5b0c6b83d600c449e3f2c7abbcdb5e) Importer(815301076,1909f56bfc062723c751e8b465ee728b)
Start importing Assets/Scripts/DollController.cs using Guid(ae5b0c6b83d600c449e3f2c7abbcdb5e) Importer(815301076,1909f56bfc062723c751e8b465ee728b)  -> (artifact id: 'b64df63ffff994addbd9c96160cd7d8e') in 0.004461 seconds 
========================================================================
Received Prepare
Registering precompiled user dll's ...
Registered in 0.001883 seconds.
Begin MonoManager ReloadAssembly
Native extension for WindowsStandalone target not found
Refreshing native plugins compatible for Editor in 1.10 ms, found 2 plugins.
Preloading 0 native plugins for Editor in 0.00 ms.
Mono: successfully reloaded assembly
- Completed reload, in  1.081 seconds
Domain Reload Profiling:
	ReloadAssembly (1082ms)
		BeginReloadAssembly (141ms)
			ExecutionOrderSort (0ms)
			DisableScriptedObjects (5ms)
			BackupInstance (0ms)
			ReleaseScriptingObjects (0ms)
			CreateAndSetChildDomain (31ms)
		EndReloadAssembly (868ms)
			LoadAssemblies (127ms)
			RebuildTransferFunctionScriptingTraits (0ms)
			SetupTypeCache (308ms)
			ReleaseScriptCaches (1ms)
			RebuildScriptCaches (43ms)
			SetupLoadedEditorAssemblies (317ms)
				LogAssemblyErrors (0ms)
				InitializePlatformSupportModulesInManaged (7ms)
				SetLoadedEditorAssemblies (1ms)
				RefreshPlugins (1ms)
				BeforeProcessingInitializeOnLoad (99ms)
				ProcessInitializeOnLoadAttributes (192ms)
				ProcessInitializeOnLoadMethodAttributes (15ms)
				AfterProcessingInitializeOnLoad (2ms)
				EditorAssembliesLoaded (0ms)
			ExecutionOrderSort2 (0ms)
			AwakeInstancesAfterBackupRestoration (2ms)
Platform modules already initialized, skipping
Shader 'BOXOPHOBIC/Polyverse Skies/Standard': fallback shader 'False' not found
Shader 'BOXOPHOBIC/Polyverse Skies/Simple': fallback shader 'False' not found
Refreshing native plugins compatible for Editor in 0.38 ms, found 2 plugins.
Preloading 0 native plugins for Editor in 0.00 ms.
Unloading 1578 Unused Serialized files (Serialized files now loaded: 0)
System memory in use before: 89.0 MB.
System memory in use after: 89.0 MB.

Unloading 12 unused Assets to reduce memory usage. Loaded Objects now: 2089.
Total: 2.787600 ms (FindLiveObjects: 0.135300 ms CreateObjectMapping: 0.055900 ms MarkObjects: 2.543600 ms  DeleteObjects: 0.052100 ms)

AssetImportParameters requested are different than current active one (requested -> active):
  custom:framework-win-MediaFoundation: 216162199b28c13a410421893ffa2e32 -> 
  custom:video-decoder-ogg-theora: a1e56fd34408186e4bbccfd4996cb3dc -> 
  custom:container-muxer-webm: aa71ff27fc2769a1b78a27578f13a17b -> 
  custom:container-demuxer-webm: 4f35f7cbe854078d1ac9338744f61a02 -> 
  custom:container-demuxer-ogg: 62fdf1f143b41e24485cea50d1cbac27 -> 
  custom:video-encoder-webm-vp8: eb34c28f22e8b96e1ab97ce403110664 -> 
  custom:video-codec-MediaFoundation-h265: 746d11721c4dcdbdad8f713fa42b33f4 -> 
  custom:video-decoder-webm-vp8: 9c59270c3fd7afecdb556c50c9e8de78 -> 
  custom:audio-decoder-ogg-vorbis: bf7c407c2cedff20999df2af8eb42d56 -> 
  custom:audio-encoder-webm-vorbis: bf7c407c2cedff20999df2af8eb42d56 -> 
========================================================================
Received Import Request.
  Time since last request: 14.088688 seconds.
  path: Assets/Scripts/DollController.cs
  artifactKey: Guid(ae5b0c6b83d600c449e3f2c7abbcdb5e) Importer(815301076,1909f56bfc062723c751e8b465ee728b)
Start importing Assets/Scripts/DollController.cs using Guid(ae5b0c6b83d600c449e3f2c7abbcdb5e) Importer(815301076,1909f56bfc062723c751e8b465ee728b)  -> (artifact id: 'bb2bb49f02adbc25232c6a7ad0be006a') in 0.004296 seconds 
========================================================================
Received Prepare
Registering precompiled user dll's ...
Registered in 0.001921 seconds.
Begin MonoManager ReloadAssembly
Native extension for WindowsStandalone target not found
Refreshing native plugins compatible for Editor in 0.48 ms, found 2 plugins.
Preloading 0 native plugins for Editor in 0.00 ms.
Mono: successfully reloaded assembly
- Completed reload, in  1.114 seconds
Domain Reload Profiling:
	ReloadAssembly (1115ms)
		BeginReloadAssembly (116ms)
			ExecutionOrderSort (0ms)
			DisableScriptedObjects (5ms)
			BackupInstance (0ms)
			ReleaseScriptingObjects (0ms)
			CreateAndSetChildDomain (30ms)
		EndReloadAssembly (937ms)
			LoadAssemblies (103ms)
			RebuildTransferFunctionScriptingTraits (0ms)
			SetupTypeCache (296ms)
			ReleaseScriptCaches (1ms)
			RebuildScriptCaches (43ms)
			SetupLoadedEditorAssemblies (387ms)
				LogAssemblyErrors (0ms)
				InitializePlatformSupportModulesInManaged (5ms)
				SetLoadedEditorAssemblies (1ms)
				RefreshPlugins (1ms)
				BeforeProcessingInitializeOnLoad (99ms)
				ProcessInitializeOnLoadAttributes (258ms)
				ProcessInitializeOnLoadMethodAttributes (20ms)
				AfterProcessingInitializeOnLoad (3ms)
				EditorAssembliesLoaded (0ms)
			ExecutionOrderSort2 (0ms)
			AwakeInstancesAfterBackupRestoration (3ms)
Platform modules already initialized, skipping
Shader 'BOXOPHOBIC/Polyverse Skies/Standard': fallback shader 'False' not found
Shader 'BOXOPHOBIC/Polyverse Skies/Simple': fallback shader 'False' not found
Refreshing native plugins compatible for Editor in 0.37 ms, found 2 plugins.
Preloading 0 native plugins for Editor in 0.00 ms.
Unloading 1578 Unused Serialized files (Serialized files now loaded: 0)
System memory in use before: 89.0 MB.
System memory in use after: 89.1 MB.

Unloading 12 unused Assets to reduce memory usage. Loaded Objects now: 2092.
Total: 2.975700 ms (FindLiveObjects: 0.147900 ms CreateObjectMapping: 0.058400 ms MarkObjects: 2.715900 ms  DeleteObjects: 0.052600 ms)

AssetImportParameters requested are different than current active one (requested -> active):
  custom:framework-win-MediaFoundation: 216162199b28c13a410421893ffa2e32 -> 
  custom:video-decoder-ogg-theora: a1e56fd34408186e4bbccfd4996cb3dc -> 
  custom:container-muxer-webm: aa71ff27fc2769a1b78a27578f13a17b -> 
  custom:container-demuxer-webm: 4f35f7cbe854078d1ac9338744f61a02 -> 
  custom:container-demuxer-ogg: 62fdf1f143b41e24485cea50d1cbac27 -> 
  custom:video-encoder-webm-vp8: eb34c28f22e8b96e1ab97ce403110664 -> 
  custom:video-codec-MediaFoundation-h265: 746d11721c4dcdbdad8f713fa42b33f4 -> 
  custom:video-decoder-webm-vp8: 9c59270c3fd7afecdb556c50c9e8de78 -> 
  custom:audio-decoder-ogg-vorbis: bf7c407c2cedff20999df2af8eb42d56 -> 
  custom:audio-encoder-webm-vorbis: bf7c407c2cedff20999df2af8eb42d56 -> 
========================================================================
Received Import Request.
  Time since last request: 35.888844 seconds.
  path: Assets/Scripts/DollController.cs
  artifactKey: Guid(ae5b0c6b83d600c449e3f2c7abbcdb5e) Importer(815301076,1909f56bfc062723c751e8b465ee728b)
Start importing Assets/Scripts/DollController.cs using Guid(ae5b0c6b83d600c449e3f2c7abbcdb5e) Importer(815301076,1909f56bfc062723c751e8b465ee728b)  -> (artifact id: '850e2153ca8a5b09058fa91b0c966cac') in 0.004507 seconds 
========================================================================
Received Prepare
Registering precompiled user dll's ...
Registered in 0.002092 seconds.
Begin MonoManager ReloadAssembly
Native extension for WindowsStandalone target not found
Refreshing native plugins compatible for Editor in 1.82 ms, found 2 plugins.
Preloading 0 native plugins for Editor in 0.00 ms.
Mono: successfully reloaded assembly
- Completed reload, in  1.048 seconds
Domain Reload Profiling:
	ReloadAssembly (1049ms)
		BeginReloadAssembly (119ms)
			ExecutionOrderSort (0ms)
			DisableScriptedObjects (5ms)
			BackupInstance (0ms)
			ReleaseScriptingObjects (0ms)
			CreateAndSetChildDomain (33ms)
		EndReloadAssembly (870ms)
			LoadAssemblies (103ms)
			RebuildTransferFunctionScriptingTraits (0ms)
			SetupTypeCache (291ms)
			ReleaseScriptCaches (1ms)
			RebuildScriptCaches (41ms)
			SetupLoadedEditorAssemblies (338ms)
				LogAssemblyErrors (0ms)
				InitializePlatformSupportModulesInManaged (6ms)
				SetLoadedEditorAssemblies (1ms)
				RefreshPlugins (2ms)
				BeforeProcessingInitializeOnLoad (116ms)
				ProcessInitializeOnLoadAttributes (196ms)
				ProcessInitializeOnLoadMethodAttributes (15ms)
				AfterProcessingInitializeOnLoad (2ms)
				EditorAssembliesLoaded (0ms)
			ExecutionOrderSort2 (0ms)
			AwakeInstancesAfterBackupRestoration (2ms)
Platform modules already initialized, skipping
Shader 'BOXOPHOBIC/Polyverse Skies/Standard': fallback shader 'False' not found
Shader 'BOXOPHOBIC/Polyverse Skies/Simple': fallback shader 'False' not found
Refreshing native plugins compatible for Editor in 0.40 ms, found 2 plugins.
Preloading 0 native plugins for Editor in 0.00 ms.
Unloading 1578 Unused Serialized files (Serialized files now loaded: 0)
System memory in use before: 89.0 MB.
System memory in use after: 89.1 MB.

Unloading 12 unused Assets to reduce memory usage. Loaded Objects now: 2095.
Total: 2.820200 ms (FindLiveObjects: 0.164300 ms CreateObjectMapping: 0.065200 ms MarkObjects: 2.536600 ms  DeleteObjects: 0.053200 ms)

AssetImportParameters requested are different than current active one (requested -> active):
  custom:framework-win-MediaFoundation: 216162199b28c13a410421893ffa2e32 -> 
  custom:video-decoder-ogg-theora: a1e56fd34408186e4bbccfd4996cb3dc -> 
  custom:container-muxer-webm: aa71ff27fc2769a1b78a27578f13a17b -> 
  custom:container-demuxer-webm: 4f35f7cbe854078d1ac9338744f61a02 -> 
  custom:container-demuxer-ogg: 62fdf1f143b41e24485cea50d1cbac27 -> 
  custom:video-encoder-webm-vp8: eb34c28f22e8b96e1ab97ce403110664 -> 
  custom:video-codec-MediaFoundation-h265: 746d11721c4dcdbdad8f713fa42b33f4 -> 
  custom:video-decoder-webm-vp8: 9c59270c3fd7afecdb556c50c9e8de78 -> 
  custom:audio-decoder-ogg-vorbis: bf7c407c2cedff20999df2af8eb42d56 -> 
  custom:audio-encoder-webm-vorbis: bf7c407c2cedff20999df2af8eb42d56 -> 
========================================================================
Received Import Request.
  Time since last request: 22.635588 seconds.
  path: Assets/Scripts/DollController.cs
  artifactKey: Guid(ae5b0c6b83d600c449e3f2c7abbcdb5e) Importer(815301076,1909f56bfc062723c751e8b465ee728b)
Start importing Assets/Scripts/DollController.cs using Guid(ae5b0c6b83d600c449e3f2c7abbcdb5e) Importer(815301076,1909f56bfc062723c751e8b465ee728b)  -> (artifact id: '63352c46a5398dfe3adbfccfdb1726ed') in 0.014503 seconds 
========================================================================
Received Prepare
Registering precompiled user dll's ...
Registered in 0.003455 seconds.
Begin MonoManager ReloadAssembly
Native extension for WindowsStandalone target not found
Refreshing native plugins compatible for Editor in 0.35 ms, found 2 plugins.
Preloading 0 native plugins for Editor in 0.00 ms.
Mono: successfully reloaded assembly
- Completed reload, in  1.141 seconds
Domain Reload Profiling:
	ReloadAssembly (1141ms)
		BeginReloadAssembly (217ms)
			ExecutionOrderSort (0ms)
			DisableScriptedObjects (9ms)
			BackupInstance (0ms)
			ReleaseScriptingObjects (0ms)
			CreateAndSetChildDomain (78ms)
		EndReloadAssembly (825ms)
			LoadAssemblies (167ms)
			RebuildTransferFunctionScriptingTraits (0ms)
			SetupTypeCache (295ms)
			ReleaseScriptCaches (1ms)
			RebuildScriptCaches (42ms)
			SetupLoadedEditorAssemblies (283ms)
				LogAssemblyErrors (0ms)
				InitializePlatformSupportModulesInManaged (4ms)
				SetLoadedEditorAssemblies (1ms)
				RefreshPlugins (0ms)
				BeforeProcessingInitializeOnLoad (76ms)
				ProcessInitializeOnLoadAttributes (184ms)
				ProcessInitializeOnLoadMethodAttributes (15ms)
				AfterProcessingInitializeOnLoad (2ms)
				EditorAssembliesLoaded (0ms)
			ExecutionOrderSort2 (0ms)
			AwakeInstancesAfterBackupRestoration (2ms)
Platform modules already initialized, skipping
Shader 'BOXOPHOBIC/Polyverse Skies/Standard': fallback shader 'False' not found
Shader 'BOXOPHOBIC/Polyverse Skies/Simple': fallback shader 'False' not found
Refreshing native plugins compatible for Editor in 0.37 ms, found 2 plugins.
Preloading 0 native plugins for Editor in 0.00 ms.
Unloading 1578 Unused Serialized files (Serialized files now loaded: 0)
System memory in use before: 89.0 MB.
System memory in use after: 89.1 MB.

Unloading 12 unused Assets to reduce memory usage. Loaded Objects now: 2098.
Total: 2.889700 ms (FindLiveObjects: 0.143000 ms CreateObjectMapping: 0.052700 ms MarkObjects: 2.645600 ms  DeleteObjects: 0.047700 ms)

AssetImportParameters requested are different than current active one (requested -> active):
  custom:framework-win-MediaFoundation: 216162199b28c13a410421893ffa2e32 -> 
  custom:video-decoder-ogg-theora: a1e56fd34408186e4bbccfd4996cb3dc -> 
  custom:container-muxer-webm: aa71ff27fc2769a1b78a27578f13a17b -> 
  custom:container-demuxer-webm: 4f35f7cbe854078d1ac9338744f61a02 -> 
  custom:container-demuxer-ogg: 62fdf1f143b41e24485cea50d1cbac27 -> 
  custom:video-encoder-webm-vp8: eb34c28f22e8b96e1ab97ce403110664 -> 
  custom:video-codec-MediaFoundation-h265: 746d11721c4dcdbdad8f713fa42b33f4 -> 
  custom:video-decoder-webm-vp8: 9c59270c3fd7afecdb556c50c9e8de78 -> 
  custom:audio-decoder-ogg-vorbis: bf7c407c2cedff20999df2af8eb42d56 -> 
  custom:audio-encoder-webm-vorbis: bf7c407c2cedff20999df2af8eb42d56 -> 
AssetImportWorkerClient::OnTransportError - code=2 error=End of file
